<?xml version="1.0" encoding="UTF-8"?>
<!-- Generated by org.testng.reporters.JUnitReportReporter -->
<testsuite hostname="LAPTOP-TFCAN6I9" failures="0" tests="4" name="Files.restAssuredClass" time="2.881" errors="0" timestamp="2022-05-29T13:03:29 IST" skipped="3">
  <testcase classname="Files.restAssuredClass" name="putRequest" time="2.881"/>
  <system-out/>
  <testcase classname="Files.restAssuredClass" name="postRequest">
    <skipped/>
  </testcase> <!-- postRequest -->
  <system-out/>
  <testcase classname="Files.restAssuredClass" name="getRequestTest1">
    <skipped/>
  </testcase> <!-- getRequestTest1 -->
  <system-out/>
  <testcase classname="Files.restAssuredClass" name="getRequestTest2">
    <skipped/>
  </testcase> <!-- getRequestTest2 -->
  <system-out/>
</testsuite> <!-- Files.restAssuredClass -->
