<?xml version="1.0" encoding="UTF-8"?>
<!-- Generated by org.testng.reporters.JUnitReportReporter -->
<testsuite hostname="LAPTOP-TFCAN6I9" failures="0" tests="1" name="DynamicJson" time="3.144" errors="0" timestamp="2022-05-27T21:07:30 IST" skipped="0">
  <testcase classname="DynamicJson" name="dynamicJson" time="3.144"/>
  <system-out/>
</testsuite> <!-- DynamicJson -->
